[1104/113826.732:WARNING:value_store_frontend.cc(44)] Reading mhjfbmdgcfjbbpaeojofohoefgiehjai.alarms from  failed: IO error: .../MANIFEST-000001: Unable to create sequential file (ChromeMethodBFE: 7::NewSequentialFile::1)
[1124/135826.659:WARNING:storage_block-inl.h(146)] Failed data load.
[1124/135826.660:WARNING:storage_block-inl.h(146)] Failed data load.
[1124/135826.660:WARNING:storage_block-inl.h(146)] Failed data load.
[1124/135826.704:WARNING:storage_block-inl.h(146)] Failed data load.
[1124/135826.705:WARNING:storage_block-inl.h(146)] Failed data load.
[1124/135827.532:WARNING:storage_block-inl.h(146)] Failed data load.
[1124/135827.532:WARNING:storage_block-inl.h(146)] Failed data load.
[1124/135827.532:WARNING:storage_block-inl.h(146)] Failed data load.
[1124/135827.532:WARNING:storage_block-inl.h(146)] Failed data load.
[1124/135827.532:WARNING:storage_block-inl.h(146)] Failed data load.
[1124/135827.532:WARNING:storage_block-inl.h(146)] Failed data load.
[1124/135827.532:WARNING:storage_block-inl.h(146)] Failed data load.
[1124/135827.533:WARNING:storage_block-inl.h(146)] Failed data load.
[1124/135827.533:WARNING:storage_block-inl.h(146)] Failed data load.
[1124/135827.534:WARNING:storage_block-inl.h(146)] Failed data load.
[1124/135827.534:WARNING:storage_block-inl.h(146)] Failed data load.
[1124/135827.534:WARNING:storage_block-inl.h(146)] Failed data load.
[1124/135827.629:WARNING:storage_block-inl.h(146)] Failed data load.
[1124/135827.629:WARNING:storage_block-inl.h(146)] Failed data load.
[1124/135827.630:WARNING:storage_block-inl.h(146)] Failed data load.
[1124/135827.630:WARNING:storage_block-inl.h(146)] Failed data load.
[1124/135827.631:WARNING:storage_block-inl.h(146)] Failed data load.
[1124/135827.633:WARNING:storage_block-inl.h(146)] Failed data load.
[1124/135827.633:WARNING:storage_block-inl.h(146)] Failed data load.
[1124/135827.633:WARNING:storage_block-inl.h(146)] Failed data load.
[1124/135827.633:WARNING:storage_block-inl.h(146)] Failed data load.
[1124/135827.668:WARNING:storage_block-inl.h(146)] Failed data load.
[1124/135827.668:WARNING:storage_block-inl.h(146)] Failed data load.
[1124/135827.799:WARNING:storage_block-inl.h(146)] Failed data load.
[1124/135827.799:WARNING:storage_block-inl.h(146)] Failed data load.
[1124/135827.913:WARNING:storage_block-inl.h(146)] Failed data load.
[1124/135827.914:WARNING:storage_block-inl.h(146)] Failed data load.
[1124/135827.914:WARNING:storage_block-inl.h(146)] Failed data load.
[1124/135827.915:WARNING:storage_block-inl.h(146)] Failed data load.
[1124/135827.916:WARNING:storage_block-inl.h(146)] Failed data load.
[1124/135827.933:WARNING:storage_block-inl.h(146)] Failed data load.
[1124/135827.944:WARNING:storage_block-inl.h(146)] Failed data load.
[1124/135828.035:WARNING:storage_block-inl.h(146)] Failed data load.
[1124/135828.042:WARNING:storage_block-inl.h(146)] Failed data load.
[1124/135828.042:WARNING:storage_block-inl.h(146)] Failed data load.
[1124/135828.045:WARNING:storage_block-inl.h(146)] Failed data load.
[1124/135828.938:WARNING:storage_block-inl.h(146)] Failed data load.
[1124/135828.938:WARNING:storage_block-inl.h(146)] Failed data load.
[1124/135828.940:WARNING:storage_block-inl.h(146)] Failed data load.
[1124/135828.940:WARNING:storage_block-inl.h(146)] Failed data load.
[1124/135830.621:WARNING:storage_block-inl.h(146)] Failed data load.
[1124/135830.622:WARNING:storage_block-inl.h(146)] Failed data load.
[1124/135830.629:WARNING:storage_block-inl.h(146)] Failed data load.
[1124/135830.633:WARNING:value_store_frontend.cc(44)] Reading mhjfbmdgcfjbbpaeojofohoefgiehjai.alarms from  failed: IO error: .../MANIFEST-000001: Unable to create sequential file (ChromeMethodBFE: 7::NewSequentialFile::1)
[1124/135830.703:WARNING:storage_block-inl.h(146)] Failed data load.
[1124/135830.703:WARNING:storage_block-inl.h(146)] Failed data load.
[1124/135830.704:WARNING:storage_block-inl.h(146)] Failed data load.
[1124/135830.705:WARNING:storage_block-inl.h(146)] Failed data load.
[1124/135830.705:WARNING:storage_block-inl.h(146)] Failed data load.
[1124/135830.706:WARNING:storage_block-inl.h(146)] Failed data load.
[1124/135830.707:WARNING:storage_block-inl.h(146)] Failed data load.
[1124/135830.707:WARNING:storage_block-inl.h(146)] Failed data load.
[1124/135830.708:WARNING:storage_block-inl.h(146)] Failed data load.
[1124/135830.708:WARNING:storage_block-inl.h(146)] Failed data load.
[1124/135830.713:WARNING:storage_block-inl.h(146)] Failed data load.
[1124/135830.714:WARNING:storage_block-inl.h(146)] Failed data load.
[1124/135830.714:WARNING:storage_block-inl.h(146)] Failed data load.
[1124/135830.714:WARNING:storage_block-inl.h(146)] Failed data load.
[1124/135830.715:WARNING:storage_block-inl.h(146)] Failed data load.
[1124/135830.716:WARNING:storage_block-inl.h(146)] Failed data load.
[1124/135830.716:WARNING:storage_block-inl.h(146)] Failed data load.
[1124/135830.717:WARNING:storage_block-inl.h(146)] Failed data load.
[1124/135830.717:WARNING:storage_block-inl.h(146)] Failed data load.
[1124/135830.718:WARNING:storage_block-inl.h(146)] Failed data load.
[1124/135830.718:WARNING:storage_block-inl.h(146)] Failed data load.
[1124/135830.719:WARNING:storage_block-inl.h(146)] Failed data load.
[1124/135830.720:WARNING:storage_block-inl.h(146)] Failed data load.
[1124/135830.720:WARNING:storage_block-inl.h(146)] Failed data load.
[1124/135830.721:WARNING:storage_block-inl.h(146)] Failed data load.
[1124/135830.721:WARNING:storage_block-inl.h(146)] Failed data load.
[1124/135830.722:WARNING:storage_block-inl.h(146)] Failed data load.
[1124/135830.722:WARNING:storage_block-inl.h(146)] Failed data load.
[1124/135830.723:WARNING:storage_block-inl.h(146)] Failed data load.
[1124/135830.723:WARNING:storage_block-inl.h(146)] Failed data load.
[1124/135830.724:WARNING:storage_block-inl.h(146)] Failed data load.
[1124/135830.724:WARNING:storage_block-inl.h(146)] Failed data load.
[1124/135830.725:WARNING:storage_block-inl.h(146)] Failed data load.
[1124/135830.726:WARNING:storage_block-inl.h(146)] Failed data load.
[1124/135830.726:WARNING:storage_block-inl.h(146)] Failed data load.
[1124/135830.727:WARNING:storage_block-inl.h(146)] Failed data load.
[1124/135830.727:WARNING:storage_block-inl.h(146)] Failed data load.
[1124/135830.728:WARNING:storage_block-inl.h(146)] Failed data load.
[1124/135830.728:WARNING:storage_block-inl.h(146)] Failed data load.
[1124/135830.729:WARNING:storage_block-inl.h(146)] Failed data load.
[1124/135830.730:WARNING:storage_block-inl.h(146)] Failed data load.
[1124/135830.730:WARNING:storage_block-inl.h(146)] Failed data load.
[1124/135830.731:WARNING:storage_block-inl.h(146)] Failed data load.
[1124/135830.731:WARNING:storage_block-inl.h(146)] Failed data load.
[1124/135830.732:WARNING:storage_block-inl.h(146)] Failed data load.
[1124/135830.733:WARNING:storage_block-inl.h(146)] Failed data load.
[1124/135830.733:WARNING:storage_block-inl.h(146)] Failed data load.
[1124/135830.734:WARNING:storage_block-inl.h(146)] Failed data load.
[1124/135830.734:WARNING:storage_block-inl.h(146)] Failed data load.
[1124/135830.735:WARNING:storage_block-inl.h(146)] Failed data load.
[1124/135830.735:WARNING:storage_block-inl.h(146)] Failed data load.
[1124/135830.736:WARNING:storage_block-inl.h(146)] Failed data load.
[1124/135830.736:WARNING:storage_block-inl.h(146)] Failed data load.
[1124/135830.737:WARNING:storage_block-inl.h(146)] Failed data load.
[1124/135830.737:WARNING:storage_block-inl.h(146)] Failed data load.
[1124/135830.738:WARNING:storage_block-inl.h(146)] Failed data load.
[1124/135830.738:WARNING:storage_block-inl.h(146)] Failed data load.
[1124/135830.739:WARNING:storage_block-inl.h(146)] Failed data load.
[1124/135830.739:WARNING:storage_block-inl.h(146)] Failed data load.
[1124/135830.740:WARNING:storage_block-inl.h(146)] Failed data load.
[1124/135830.740:WARNING:storage_block-inl.h(146)] Failed data load.
[1124/135830.741:WARNING:storage_block-inl.h(146)] Failed data load.
[1124/135830.741:WARNING:storage_block-inl.h(146)] Failed data load.
[1124/135830.742:WARNING:storage_block-inl.h(146)] Failed data load.
[1124/135830.742:WARNING:storage_block-inl.h(146)] Failed data load.
[1124/135830.743:WARNING:storage_block-inl.h(146)] Failed data load.
[1124/135830.743:WARNING:storage_block-inl.h(146)] Failed data load.
[1124/135830.744:WARNING:storage_block-inl.h(146)] Failed data load.
[1124/135830.744:WARNING:storage_block-inl.h(146)] Failed data load.
[1124/135830.745:WARNING:storage_block-inl.h(146)] Failed data load.
[1124/135830.745:WARNING:storage_block-inl.h(146)] Failed data load.
[1124/135830.746:WARNING:storage_block-inl.h(146)] Failed data load.
[1124/135830.746:WARNING:storage_block-inl.h(146)] Failed data load.
[1124/135830.746:WARNING:storage_block-inl.h(146)] Failed data load.
[1124/135830.747:WARNING:storage_block-inl.h(146)] Failed data load.
[1124/135830.747:WARNING:storage_block-inl.h(146)] Failed data load.
[1124/135830.748:WARNING:storage_block-inl.h(146)] Failed data load.
[1124/135830.748:WARNING:storage_block-inl.h(146)] Failed data load.
[1124/135830.749:WARNING:storage_block-inl.h(146)] Failed data load.
[1124/135830.749:WARNING:storage_block-inl.h(146)] Failed data load.
[1124/135830.750:WARNING:storage_block-inl.h(146)] Failed data load.
[1124/135830.750:WARNING:storage_block-inl.h(146)] Failed data load.
[1124/135830.751:WARNING:storage_block-inl.h(146)] Failed data load.
[1124/135830.751:WARNING:storage_block-inl.h(146)] Failed data load.
[1124/135830.752:WARNING:storage_block-inl.h(146)] Failed data load.
[1124/135830.752:WARNING:storage_block-inl.h(146)] Failed data load.
[1124/135830.753:WARNING:storage_block-inl.h(146)] Failed data load.
[1124/135830.753:WARNING:storage_block-inl.h(146)] Failed data load.
[1124/135830.754:WARNING:storage_block-inl.h(146)] Failed data load.
[1124/135830.754:WARNING:storage_block-inl.h(146)] Failed data load.
[1124/135830.755:WARNING:storage_block-inl.h(146)] Failed data load.
[1124/135830.755:WARNING:storage_block-inl.h(146)] Failed data load.
[1124/135830.756:WARNING:storage_block-inl.h(146)] Failed data load.
[1124/135830.756:WARNING:storage_block-inl.h(146)] Failed data load.
[1124/135830.757:WARNING:storage_block-inl.h(146)] Failed data load.
[1124/135830.757:WARNING:storage_block-inl.h(146)] Failed data load.
[1124/135830.758:WARNING:storage_block-inl.h(146)] Failed data load.
[1124/135830.758:WARNING:storage_block-inl.h(146)] Failed data load.
[1124/135830.759:WARNING:storage_block-inl.h(146)] Failed data load.
[1124/135830.759:WARNING:storage_block-inl.h(146)] Failed data load.
[1124/135830.760:WARNING:storage_block-inl.h(146)] Failed data load.
[1124/135830.760:WARNING:storage_block-inl.h(146)] Failed data load.
[1124/135830.761:WARNING:storage_block-inl.h(146)] Failed data load.
[1124/135830.761:WARNING:storage_block-inl.h(146)] Failed data load.
[1124/135830.761:WARNING:storage_block-inl.h(146)] Failed data load.
[1124/135830.761:WARNING:storage_block-inl.h(146)] Failed data load.
[1124/135830.762:WARNING:storage_block-inl.h(146)] Failed data load.
[1124/135830.762:WARNING:storage_block-inl.h(146)] Failed data load.
[1124/135830.763:WARNING:storage_block-inl.h(146)] Failed data load.
[1124/135830.764:WARNING:storage_block-inl.h(146)] Failed data load.
[1124/135830.764:WARNING:storage_block-inl.h(146)] Failed data load.
[1124/135830.765:WARNING:storage_block-inl.h(146)] Failed data load.
[1124/135830.766:WARNING:storage_block-inl.h(146)] Failed data load.
[1124/135830.766:WARNING:storage_block-inl.h(146)] Failed data load.
[1124/135830.780:WARNING:storage_block-inl.h(146)] Failed data load.
[1124/135830.781:WARNING:storage_block-inl.h(146)] Failed data load.
[1124/135830.782:WARNING:storage_block-inl.h(146)] Failed data load.
[1124/135830.782:WARNING:storage_block-inl.h(146)] Failed data load.
[1124/135830.783:WARNING:storage_block-inl.h(146)] Failed data load.
[1124/135830.783:WARNING:storage_block-inl.h(146)] Failed data load.
[1124/135830.828:ERROR:backend_impl.cc(1041)] Critical error found -8
[1124/135830.828:WARNING:storage_block-inl.h(146)] Failed data load.
[1124/135830.828:WARNING:storage_block-inl.h(146)] Failed data load.
[1124/135830.828:ERROR:entry_impl.cc(1076)] No file for c10300c8
[1124/135830.829:WARNING:storage_block-inl.h(146)] Failed data load.
[1124/135830.829:WARNING:storage_block-inl.h(146)] Failed data load.
[1124/135830.829:WARNING:storage_block-inl.h(146)] Failed data load.
[1124/135830.829:WARNING:storage_block-inl.h(146)] Failed data load.
[1124/135830.829:ERROR:entry_impl.cc(1076)] No file for c10300cc
[1124/135830.829:WARNING:storage_block-inl.h(146)] Failed data load.
[1124/135830.829:WARNING:storage_block-inl.h(146)] Failed data load.
[1124/135830.829:WARNING:storage_block-inl.h(146)] Failed data load.
[1124/135830.829:WARNING:storage_block-inl.h(146)] Failed data load.
[1124/135830.829:ERROR:entry_impl.cc(1076)] No file for c10300ce
[1124/135830.829:WARNING:storage_block-inl.h(146)] Failed data load.
[1124/135830.830:WARNING:storage_block-inl.h(146)] Failed data load.
[1124/135830.831:WARNING:storage_block-inl.h(146)] Failed data load.
[1124/135830.896:WARNING:storage_block-inl.h(146)] Failed data load.
[1124/135831.071:WARNING:storage_block-inl.h(146)] Failed data load.
[1124/135831.080:WARNING:storage_block-inl.h(146)] Failed data load.
[1124/135831.084:WARNING:storage_block-inl.h(146)] Failed data load.
[1124/135831.100:WARNING:storage_block-inl.h(146)] Failed data load.
[1124/135831.102:WARNING:storage_block-inl.h(146)] Failed data load.
[1124/135831.104:WARNING:storage_block-inl.h(146)] Failed data load.
[1124/135831.151:WARNING:storage_block-inl.h(146)] Failed data load.
[1124/135831.154:WARNING:storage_block-inl.h(146)] Failed data load.
[1124/135831.155:WARNING:storage_block-inl.h(146)] Failed data load.
[1124/135831.155:WARNING:storage_block-inl.h(146)] Failed data load.
[1124/135831.156:WARNING:storage_block-inl.h(146)] Failed data load.
[1124/135831.156:WARNING:storage_block-inl.h(146)] Failed data load.
[1124/135831.157:WARNING:storage_block-inl.h(146)] Failed data load.
[1124/135831.158:WARNING:storage_block-inl.h(146)] Failed data load.
[1124/135831.158:WARNING:storage_block-inl.h(146)] Failed data load.
[1124/135831.159:WARNING:storage_block-inl.h(146)] Failed data load.
[1124/135831.159:WARNING:storage_block-inl.h(146)] Failed data load.
[1124/135831.160:WARNING:storage_block-inl.h(146)] Failed data load.
[1124/135831.160:WARNING:storage_block-inl.h(146)] Failed data load.
[1124/135831.161:WARNING:storage_block-inl.h(146)] Failed data load.
[1124/135831.161:WARNING:storage_block-inl.h(146)] Failed data load.
[1124/135831.162:WARNING:storage_block-inl.h(146)] Failed data load.
[1124/135831.163:WARNING:storage_block-inl.h(146)] Failed data load.
[1124/135831.163:WARNING:storage_block-inl.h(146)] Failed data load.
[1124/135831.164:WARNING:storage_block-inl.h(146)] Failed data load.
[1124/135831.164:WARNING:storage_block-inl.h(146)] Failed data load.
[1124/135831.165:WARNING:storage_block-inl.h(146)] Failed data load.
[1124/135831.165:WARNING:storage_block-inl.h(146)] Failed data load.
[1124/135831.165:WARNING:storage_block-inl.h(146)] Failed data load.
[1124/135831.166:WARNING:storage_block-inl.h(146)] Failed data load.
[1124/135831.167:WARNING:storage_block-inl.h(146)] Failed data load.
[1124/135831.167:WARNING:storage_block-inl.h(146)] Failed data load.
[1124/135831.168:WARNING:storage_block-inl.h(146)] Failed data load.
[1124/135831.169:WARNING:storage_block-inl.h(146)] Failed data load.
[1124/135831.169:WARNING:storage_block-inl.h(146)] Failed data load.
[1124/135831.170:WARNING:storage_block-inl.h(146)] Failed data load.
[1124/135831.170:WARNING:storage_block-inl.h(146)] Failed data load.
[1124/135831.171:WARNING:storage_block-inl.h(146)] Failed data load.
[1124/135831.215:WARNING:storage_block-inl.h(146)] Failed data load.
[1124/135831.217:WARNING:storage_block-inl.h(146)] Failed data load.
[1124/135831.217:WARNING:storage_block-inl.h(146)] Failed data load.
[1124/135831.218:WARNING:storage_block-inl.h(146)] Failed data load.
[1124/135831.219:WARNING:storage_block-inl.h(146)] Failed data load.
[1124/135831.219:WARNING:storage_block-inl.h(146)] Failed data load.
[1124/135831.220:WARNING:storage_block-inl.h(146)] Failed data load.
[1124/135831.220:WARNING:storage_block-inl.h(146)] Failed data load.
[1124/135831.221:WARNING:storage_block-inl.h(146)] Failed data load.
[1124/135831.221:WARNING:storage_block-inl.h(146)] Failed data load.
[1124/135831.222:WARNING:storage_block-inl.h(146)] Failed data load.
[1124/135831.222:WARNING:storage_block-inl.h(146)] Failed data load.
[1124/135831.223:WARNING:storage_block-inl.h(146)] Failed data load.
[1124/135831.224:WARNING:storage_block-inl.h(146)] Failed data load.
[1124/135831.224:WARNING:storage_block-inl.h(146)] Failed data load.
[1124/135831.225:WARNING:storage_block-inl.h(146)] Failed data load.
[1124/135831.225:WARNING:storage_block-inl.h(146)] Failed data load.
[1124/135831.226:WARNING:storage_block-inl.h(146)] Failed data load.
[1124/135831.227:WARNING:storage_block-inl.h(146)] Failed data load.
[1124/135831.227:WARNING:storage_block-inl.h(146)] Failed data load.
[1124/135831.228:WARNING:storage_block-inl.h(146)] Failed data load.
[1124/135831.228:WARNING:storage_block-inl.h(146)] Failed data load.
[1124/135831.229:WARNING:storage_block-inl.h(146)] Failed data load.
[1124/135831.229:WARNING:storage_block-inl.h(146)] Failed data load.
[1124/135831.229:WARNING:storage_block-inl.h(146)] Failed data load.
[1124/135831.230:WARNING:storage_block-inl.h(146)] Failed data load.
[1124/135831.230:WARNING:storage_block-inl.h(146)] Failed data load.
[1124/135831.231:WARNING:storage_block-inl.h(146)] Failed data load.
[1124/135831.231:WARNING:storage_block-inl.h(146)] Failed data load.
[1124/135831.232:WARNING:storage_block-inl.h(146)] Failed data load.
[1124/135831.232:WARNING:storage_block-inl.h(146)] Failed data load.
[1124/135831.233:WARNING:storage_block-inl.h(146)] Failed data load.
[1124/135831.234:WARNING:storage_block-inl.h(146)] Failed data load.
[1124/135831.234:WARNING:storage_block-inl.h(146)] Failed data load.
[1124/135831.235:WARNING:storage_block-inl.h(146)] Failed data load.
[1124/135831.236:WARNING:storage_block-inl.h(146)] Failed data load.
[1124/135831.236:WARNING:storage_block-inl.h(146)] Failed data load.
[1124/135831.237:WARNING:storage_block-inl.h(146)] Failed data load.
[1124/135831.237:WARNING:storage_block-inl.h(146)] Failed data load.
[1124/135831.238:WARNING:storage_block-inl.h(146)] Failed data load.
[1124/135831.238:WARNING:storage_block-inl.h(146)] Failed data load.
[1124/135831.239:WARNING:storage_block-inl.h(146)] Failed data load.
[1124/135831.239:WARNING:storage_block-inl.h(146)] Failed data load.
[1124/135831.240:WARNING:storage_block-inl.h(146)] Failed data load.
[1124/135831.240:WARNING:storage_block-inl.h(146)] Failed data load.
[1124/135831.241:WARNING:storage_block-inl.h(146)] Failed data load.
[1124/135831.242:WARNING:storage_block-inl.h(146)] Failed data load.
[1124/135831.242:ERROR:entry_impl.cc(998)] Failed to save user data
